Determining if the pthread_create exist failed with the following output:
Change Dir: /home/ros-industrial/Documents/Gazebo/robotics/build/CMakeFiles/CMakeTmp

Run Build Command:"/usr/bin/make" "cmTC_3c6db/fast"
/usr/bin/make -f CMakeFiles/cmTC_3c6db.dir/build.make CMakeFiles/cmTC_3c6db.dir/build
make[1]: Entering directory '/home/ros-industrial/Documents/Gazebo/robotics/build/CMakeFiles/CMakeTmp'
Building C object CMakeFiles/cmTC_3c6db.dir/CheckSymbolExists.c.o
/usr/bin/cc    -o CMakeFiles/cmTC_3c6db.dir/CheckSymbolExists.c.o   -c /home/ros-industrial/Documents/Gazebo/robotics/build/CMakeFiles/CMakeTmp/CheckSymbolExists.c
Linking C executable cmTC_3c6db
/usr/bin/cmake -E cmake_link_script CMakeFiles/cmTC_3c6db.dir/link.txt --verbose=1
/usr/bin/cc      -rdynamic CMakeFiles/cmTC_3c6db.dir/CheckSymbolExists.c.o  -o cmTC_3c6db 
CMakeFiles/cmTC_3c6db.dir/CheckSymbolExists.c.o: In function `main':
CheckSymbolExists.c:(.text+0x1b): undefined reference to `pthread_create'
collect2: error: ld returned 1 exit status
CMakeFiles/cmTC_3c6db.dir/build.make:97: recipe for target 'cmTC_3c6db' failed
make[1]: *** [cmTC_3c6db] Error 1
make[1]: Leaving directory '/home/ros-industrial/Documents/Gazebo/robotics/build/CMakeFiles/CMakeTmp'
Makefile:126: recipe for target 'cmTC_3c6db/fast' failed
make: *** [cmTC_3c6db/fast] Error 2

File /home/ros-industrial/Documents/Gazebo/robotics/build/CMakeFiles/CMakeTmp/CheckSymbolExists.c:
/* */
#include <pthread.h>

int main(int argc, char** argv)
{
  (void)argv;
#ifndef pthread_create
  return ((int*)(&pthread_create))[argc];
#else
  (void)argc;
  return 0;
#endif
}

Determining if the function pthread_create exists in the pthreads failed with the following output:
Change Dir: /home/ros-industrial/Documents/Gazebo/robotics/build/CMakeFiles/CMakeTmp

Run Build Command:"/usr/bin/make" "cmTC_98064/fast"
/usr/bin/make -f CMakeFiles/cmTC_98064.dir/build.make CMakeFiles/cmTC_98064.dir/build
make[1]: Entering directory '/home/ros-industrial/Documents/Gazebo/robotics/build/CMakeFiles/CMakeTmp'
Building C object CMakeFiles/cmTC_98064.dir/CheckFunctionExists.c.o
/usr/bin/cc   -DCHECK_FUNCTION_EXISTS=pthread_create   -o CMakeFiles/cmTC_98064.dir/CheckFunctionExists.c.o   -c /usr/share/cmake-3.10/Modules/CheckFunctionExists.c
Linking C executable cmTC_98064
/usr/bin/cmake -E cmake_link_script CMakeFiles/cmTC_98064.dir/link.txt --verbose=1
/usr/bin/cc  -DCHECK_FUNCTION_EXISTS=pthread_create    -rdynamic CMakeFiles/cmTC_98064.dir/CheckFunctionExists.c.o  -o cmTC_98064 -lpthreads 
/usr/bin/ld: cannot find -lpthreads
collect2: error: ld returned 1 exit status
CMakeFiles/cmTC_98064.dir/build.make:97: recipe for target 'cmTC_98064' failed
make[1]: *** [cmTC_98064] Error 1
make[1]: Leaving directory '/home/ros-industrial/Documents/Gazebo/robotics/build/CMakeFiles/CMakeTmp'
Makefile:126: recipe for target 'cmTC_98064/fast' failed
make: *** [cmTC_98064/fast] Error 2


